<?xml version="1.0" encoding="UTF-8"?>
<!-- 
/*
 * Copyright (c) 2018, Mercenary Creators Company. All rights reserved.
 *
 * Licensed under the Apache License, Version 2.0 (the "License");
 * you may not use this file except in compliance with the License.
 * You may obtain a copy of the License at
 *
 *     http://www.apache.org/licenses/LICENSE-2.0
 *
 * Unless required by applicable law or agreed to in writing, software
 * distributed under the License is distributed on an "AS IS" BASIS,
 * WITHOUT WARRANTIES OR CONDITIONS OF ANY KIND, either express or implied.
 * See the License for the specific language governing permissions and
 * limitations under the License.
 */
-->
<beans xmlns="http://www.springframework.org/schema/beans" xmlns:xsi="http://www.w3.org/2001/XMLSchema-instance" xmlns:context="http://www.springframework.org/schema/context"
	xsi:schemaLocation="http://www.springframework.org/schema/beans
						http://www.springframework.org/schema/beans/spring-beans.xsd
						http://www.springframework.org/schema/context
						http://www.springframework.org/schema/context/spring-context.xsd">
	
	<bean class="org.springframework.beans.factory.config.PropertyPlaceholderConfigurer">
        <property name="locations">
            <list>
                <value>file:/opt/development/properties/mercenary-creators-minio/minio-test.properties</value>
            </list>
        </property>
        <property name="ignoreUnresolvablePlaceholders" value="true" />
	</bean>
	
	<bean id="minioTemplate" class="co.mercenary.creators.minio.MinioTemplate">
		<constructor-arg value="${minio.server-url}" />
		<constructor-arg value="${minio.access-key}" />
		<constructor-arg value="${minio.secret-key}" />
		<constructor-arg value="${minio.aws-region:us-east-1}" />
	</bean>

</beans>
